<?xml version="1.0" encoding="UTF-8"?>
<testsuite name="Scenario: Successful Login with Valid Credentials" tests="2" skipped="1" failures="0" errors="0" timestamp="2017-03-15T17:12:11" hostname="0616EITR0041" time="0.005">
  <properties/>
  <testcase name="When User Navigate to LogIn Page" classname="Scenario: Successful Login with Valid Credentials" time="0.0">
    <skipped/>
  </testcase>
  <testcase name="classMethod" classname="Scenario: Successful Login with Valid Credentials" time="0.007"/>
  <system-out><![CDATA[]]></system-out>
  <system-err><![CDATA[]]></system-err>
</testsuite>
