<?xml version="1.0" encoding="UTF-8"?>
<testsuite name="Scenario: Successful Login with Valid Credentials" tests="2" skipped="1" failures="0" errors="0" timestamp="2017-03-16T15:12:10" hostname="VCB-PC" time="0.012">
  <properties/>
  <testcase name="When User Navigate to LogIn Page" classname="Scenario: Successful Login with Valid Credentials" time="0.001">
    <skipped/>
  </testcase>
  <testcase name="classMethod" classname="Scenario: Successful Login with Valid Credentials" time="0.015"/>
  <system-out><![CDATA[]]></system-out>
  <system-err><![CDATA[]]></system-err>
</testsuite>
